Connecting to database specified by database.yml
  [1m[36m (0.2ms)[0m  [1mselect sqlite_version(*)[0m
  [1m[35m (3.4ms)[0m  CREATE TABLE "schema_migrations" ("version" varchar(255) NOT NULL) 
  [1m[36m (0.1ms)[0m  [1mPRAGMA index_list("schema_migrations")[0m
  [1m[35m (1.9ms)[0m  CREATE UNIQUE INDEX "unique_schema_migrations" ON "schema_migrations" ("version")
  [1m[36m (0.1ms)[0m  [1mSELECT "schema_migrations"."version" FROM "schema_migrations" [0m
Migrating to DeviseCreateUsers (20120129231330)
  [1m[35m (0.0ms)[0m  begin transaction
  [1m[36m (0.7ms)[0m  [1mCREATE TABLE "users" ("id" INTEGER PRIMARY KEY AUTOINCREMENT NOT NULL, "email" varchar(255) DEFAULT '' NOT NULL, "encrypted_password" varchar(255) DEFAULT '' NOT NULL, "reset_password_token" varchar(255), "reset_password_sent_at" datetime, "remember_created_at" datetime, "sign_in_count" integer DEFAULT 0, "current_sign_in_at" datetime, "last_sign_in_at" datetime, "current_sign_in_ip" varchar(255), "last_sign_in_ip" varchar(255), "created_at" datetime NOT NULL, "updated_at" datetime NOT NULL) [0m
  [1m[35m (0.1ms)[0m  PRAGMA index_list("users")
  [1m[36m (0.5ms)[0m  [1mCREATE UNIQUE INDEX "index_users_on_email" ON "users" ("email")[0m
  [1m[35m (0.0ms)[0m  PRAGMA index_list("users")
  [1m[36m (0.0ms)[0m  [1mPRAGMA index_info('index_users_on_email')[0m
  [1m[35m (0.2ms)[0m  CREATE UNIQUE INDEX "index_users_on_reset_password_token" ON "users" ("reset_password_token")
  [1m[36m (0.1ms)[0m  [1mINSERT INTO "schema_migrations" ("version") VALUES ('20120129231330')[0m
  [1m[35m (2.6ms)[0m  commit transaction
Migrating to AddNameToUsers (20120129231333)
  [1m[36m (0.1ms)[0m  [1mbegin transaction[0m
  [1m[35m (0.6ms)[0m  ALTER TABLE "users" ADD "name" varchar(255)
  [1m[36m (0.1ms)[0m  [1mINSERT INTO "schema_migrations" ("version") VALUES ('20120129231333')[0m
  [1m[35m (1.8ms)[0m  commit transaction
  [1m[36m (0.4ms)[0m  [1mselect sqlite_version(*)[0m
  [1m[35m (0.1ms)[0m  SELECT "schema_migrations"."version" FROM "schema_migrations" 
  [1m[36m (0.1ms)[0m  [1mPRAGMA index_list("users")[0m
  [1m[35m (0.0ms)[0m  PRAGMA index_info('index_users_on_reset_password_token')
  [1m[36m (0.0ms)[0m  [1mPRAGMA index_info('index_users_on_email')[0m
Connecting to database specified by database.yml
  [1m[36m (0.1ms)[0m  [1mSELECT "schema_migrations"."version" FROM "schema_migrations" [0m
  [1m[35m (0.1ms)[0m  begin transaction
  [1m[36mUser Exists (0.3ms)[0m  [1mSELECT 1 AS one FROM "users" WHERE "users"."email" = 'user@example.com' LIMIT 1[0m
Binary data inserted for `string` type on column `encrypted_password`
  [1m[35mSQL (2.6ms)[0m  INSERT INTO "users" ("created_at", "current_sign_in_at", "current_sign_in_ip", "email", "encrypted_password", "last_sign_in_at", "last_sign_in_ip", "name", "remember_created_at", "reset_password_sent_at", "reset_password_token", "sign_in_count", "updated_at") VALUES (?, ?, ?, ?, ?, ?, ?, ?, ?, ?, ?, ?, ?)  [["created_at", Thu, 19 Jul 2012 20:43:21 UTC +00:00], ["current_sign_in_at", nil], ["current_sign_in_ip", nil], ["email", "user@example.com"], ["encrypted_password", "$2a$10$ewdU/0qG2AhXKbZZfHtygu0upOt0PJjgh6L4uei4dztDei5w9Uqnm"], ["last_sign_in_at", nil], ["last_sign_in_ip", nil], ["name", "First User"], ["remember_created_at", nil], ["reset_password_sent_at", nil], ["reset_password_token", nil], ["sign_in_count", 0], ["updated_at", Thu, 19 Jul 2012 20:43:21 UTC +00:00]]
  [1m[36m (2.9ms)[0m  [1mcommit transaction[0m
  [1m[35m (0.1ms)[0m  begin transaction
  [1m[36mUser Exists (0.2ms)[0m  [1mSELECT 1 AS one FROM "users" WHERE "users"."email" = 'user2@example.com' LIMIT 1[0m
Binary data inserted for `string` type on column `encrypted_password`
  [1m[35mSQL (0.7ms)[0m  INSERT INTO "users" ("created_at", "current_sign_in_at", "current_sign_in_ip", "email", "encrypted_password", "last_sign_in_at", "last_sign_in_ip", "name", "remember_created_at", "reset_password_sent_at", "reset_password_token", "sign_in_count", "updated_at") VALUES (?, ?, ?, ?, ?, ?, ?, ?, ?, ?, ?, ?, ?)  [["created_at", Thu, 19 Jul 2012 20:43:21 UTC +00:00], ["current_sign_in_at", nil], ["current_sign_in_ip", nil], ["email", "user2@example.com"], ["encrypted_password", "$2a$10$jfLkfIPtW8Px9V1aJNr.geU0mcC7kADM6n256iGgZnvqBNRGAOd5G"], ["last_sign_in_at", nil], ["last_sign_in_ip", nil], ["name", "Second User"], ["remember_created_at", nil], ["reset_password_sent_at", nil], ["reset_password_token", nil], ["sign_in_count", 0], ["updated_at", Thu, 19 Jul 2012 20:43:21 UTC +00:00]]
  [1m[36m (3.2ms)[0m  [1mcommit transaction[0m
Connecting to database specified by database.yml
  [1m[36m (0.1ms)[0m  [1mSELECT "schema_migrations"."version" FROM "schema_migrations" [0m
  [1m[35m (0.3ms)[0m  select sqlite_version(*)
  [1m[36m (3.4ms)[0m  [1mCREATE TABLE "users" ("id" INTEGER PRIMARY KEY AUTOINCREMENT NOT NULL, "email" varchar(255) DEFAULT '' NOT NULL, "encrypted_password" varchar(255) DEFAULT '' NOT NULL, "reset_password_token" varchar(255), "reset_password_sent_at" datetime, "remember_created_at" datetime, "sign_in_count" integer DEFAULT 0, "current_sign_in_at" datetime, "last_sign_in_at" datetime, "current_sign_in_ip" varchar(255), "last_sign_in_ip" varchar(255), "created_at" datetime NOT NULL, "updated_at" datetime NOT NULL, "name" varchar(255)) [0m
  [1m[35m (0.1ms)[0m  PRAGMA index_list("users")
  [1m[36m (1.7ms)[0m  [1mCREATE UNIQUE INDEX "index_users_on_email" ON "users" ("email")[0m
  [1m[35m (0.0ms)[0m  PRAGMA index_list("users")
  [1m[36m (0.0ms)[0m  [1mPRAGMA index_info('index_users_on_email')[0m
  [1m[35m (2.0ms)[0m  CREATE UNIQUE INDEX "index_users_on_reset_password_token" ON "users" ("reset_password_token")
  [1m[36m (1.8ms)[0m  [1mCREATE TABLE "schema_migrations" ("version" varchar(255) NOT NULL) [0m
  [1m[35m (0.0ms)[0m  PRAGMA index_list("schema_migrations")
  [1m[36m (2.1ms)[0m  [1mCREATE UNIQUE INDEX "unique_schema_migrations" ON "schema_migrations" ("version")[0m
  [1m[35m (0.1ms)[0m  SELECT version FROM "schema_migrations"
  [1m[36m (2.6ms)[0m  [1mINSERT INTO "schema_migrations" (version) VALUES ('20120129231333')[0m
  [1m[35m (2.3ms)[0m  INSERT INTO "schema_migrations" (version) VALUES ('20120129231330')
Connecting to database specified by database.yml


Started GET "/" for 127.0.0.1 at 2012-07-19 17:44:09 -0300
Processing by HomeController#index as HTML
  [1m[36mUser Load (0.2ms)[0m  [1mSELECT "users".* FROM "users" [0m
  Rendered home/index.html.erb within layouts/application (5.6ms)
Compiled home.css  (1ms)  (pid 36335)
Compiled users.css  (1ms)  (pid 36335)
Compiled application.css  (81ms)  (pid 36335)
Compiled jquery.js  (3ms)  (pid 36335)
Compiled jquery_ujs.js  (0ms)  (pid 36335)
Compiled home.js  (399ms)  (pid 36335)
Compiled users.js  (408ms)  (pid 36335)
Compiled application.js  (911ms)  (pid 36335)
  Rendered layouts/_navigation.html.erb (3.9ms)
  Rendered layouts/_messages.html.erb (0.9ms)
Completed 200 OK in 1257ms (Views: 1176.6ms | ActiveRecord: 34.0ms)


Started GET "/assets/home.css?body=1" for 127.0.0.1 at 2012-07-19 17:44:10 -0300
Served asset /home.css - 200 OK (2ms)


Started GET "/assets/jquery_ujs.js?body=1" for 127.0.0.1 at 2012-07-19 17:44:10 -0300
Served asset /jquery_ujs.js - 304 Not Modified (2ms)


Started GET "/assets/users.css?body=1" for 127.0.0.1 at 2012-07-19 17:44:10 -0300
Served asset /users.css - 200 OK (2ms)


Started GET "/assets/application.js?body=1" for 127.0.0.1 at 2012-07-19 17:44:10 -0300
Served asset /application.js - 200 OK (21ms)


Started GET "/assets/jquery.js?body=1" for 127.0.0.1 at 2012-07-19 17:44:10 -0300
Served asset /jquery.js - 304 Not Modified (3ms)


Started GET "/assets/application.css?body=1" for 127.0.0.1 at 2012-07-19 17:44:10 -0300
Served asset /application.css - 200 OK (4ms)


Started GET "/assets/users.js?body=1" for 127.0.0.1 at 2012-07-19 17:44:10 -0300
Served asset /users.js - 200 OK (2ms)


Started GET "/assets/home.js?body=1" for 127.0.0.1 at 2012-07-19 17:44:10 -0300
Served asset /home.js - 200 OK (2ms)


Started GET "/" for 127.0.0.1 at 2012-07-19 17:44:15 -0300
Processing by HomeController#index as HTML
  [1m[35mUser Load (0.4ms)[0m  SELECT "users".* FROM "users" 
  Rendered home/index.html.erb within layouts/application (1.3ms)
  Rendered layouts/_navigation.html.erb (1.0ms)
  Rendered layouts/_messages.html.erb (0.1ms)
Completed 200 OK in 14ms (Views: 12.1ms | ActiveRecord: 0.4ms)


Started GET "/assets/jquery.js?body=1" for 127.0.0.1 at 2012-07-19 17:44:15 -0300
Served asset /jquery.js - 304 Not Modified (0ms)


Started GET "/assets/jquery_ujs.js?body=1" for 127.0.0.1 at 2012-07-19 17:44:15 -0300
Served asset /jquery_ujs.js - 304 Not Modified (0ms)


Started GET "/users/sign_in" for 127.0.0.1 at 2012-07-19 17:44:17 -0300
Processing by Devise::SessionsController#new as HTML
  Rendered devise/shared/_links.erb (2.4ms)
  Rendered devise/sessions/new.html.erb within layouts/application (62.5ms)
  Rendered layouts/_navigation.html.erb (1.2ms)
  Rendered layouts/_messages.html.erb (0.1ms)
Completed 200 OK in 76ms (Views: 74.8ms | ActiveRecord: 0.0ms)


Started GET "/assets/jquery.js?body=1" for 127.0.0.1 at 2012-07-19 17:44:17 -0300
Served asset /jquery.js - 304 Not Modified (0ms)


Started GET "/assets/jquery_ujs.js?body=1" for 127.0.0.1 at 2012-07-19 17:44:17 -0300
Served asset /jquery_ujs.js - 304 Not Modified (0ms)


Started GET "/users/sign_up" for 127.0.0.1 at 2012-07-19 17:44:23 -0300
Processing by Devise::RegistrationsController#new as HTML
  Rendered devise/shared/_links.erb (1.4ms)
  Rendered devise/registrations/new.html.erb within layouts/application (7.8ms)
  Rendered layouts/_navigation.html.erb (1.2ms)
  Rendered layouts/_messages.html.erb (0.1ms)
Completed 200 OK in 21ms (Views: 19.8ms | ActiveRecord: 0.0ms)


Started GET "/assets/jquery.js?body=1" for 127.0.0.1 at 2012-07-19 17:44:23 -0300
Served asset /jquery.js - 304 Not Modified (0ms)


Started GET "/assets/jquery_ujs.js?body=1" for 127.0.0.1 at 2012-07-19 17:44:23 -0300
Served asset /jquery_ujs.js - 304 Not Modified (12ms)


Started GET "/users/sign_in" for 127.0.0.1 at 2012-07-19 17:44:29 -0300
Processing by Devise::SessionsController#new as HTML
  Rendered devise/shared/_links.erb (0.6ms)
  Rendered devise/sessions/new.html.erb within layouts/application (4.6ms)
  Rendered layouts/_navigation.html.erb (1.2ms)
  Rendered layouts/_messages.html.erb (0.1ms)
Completed 200 OK in 16ms (Views: 15.3ms | ActiveRecord: 0.0ms)


Started GET "/assets/jquery.js?body=1" for 127.0.0.1 at 2012-07-19 17:44:29 -0300
Served asset /jquery.js - 304 Not Modified (0ms)


Started GET "/assets/jquery_ujs.js?body=1" for 127.0.0.1 at 2012-07-19 17:44:29 -0300
Served asset /jquery_ujs.js - 304 Not Modified (0ms)


Started GET "/" for 127.0.0.1 at 2012-07-19 17:44:30 -0300
Processing by HomeController#index as HTML
  [1m[36mUser Load (0.3ms)[0m  [1mSELECT "users".* FROM "users" [0m
  Rendered home/index.html.erb within layouts/application (1.0ms)
  Rendered layouts/_navigation.html.erb (0.9ms)
  Rendered layouts/_messages.html.erb (0.1ms)
Completed 200 OK in 12ms (Views: 10.8ms | ActiveRecord: 0.3ms)


Started GET "/assets/jquery.js?body=1" for 127.0.0.1 at 2012-07-19 17:44:30 -0300
Served asset /jquery.js - 304 Not Modified (0ms)


Started GET "/assets/jquery_ujs.js?body=1" for 127.0.0.1 at 2012-07-19 17:44:30 -0300
Served asset /jquery_ujs.js - 304 Not Modified (0ms)


Started GET "/users/2" for 127.0.0.1 at 2012-07-19 17:44:33 -0300
Processing by UsersController#show as HTML
  Parameters: {"id"=>"2"}
Completed 401 Unauthorized in 1ms


Started GET "/users/sign_in" for 127.0.0.1 at 2012-07-19 17:44:33 -0300
Processing by Devise::SessionsController#new as HTML
  Rendered devise/shared/_links.erb (0.6ms)
  Rendered devise/sessions/new.html.erb within layouts/application (4.7ms)
  Rendered layouts/_navigation.html.erb (1.2ms)
  Rendered layouts/_messages.html.erb (0.1ms)
Completed 200 OK in 17ms (Views: 15.8ms | ActiveRecord: 0.0ms)


Started GET "/assets/jquery.js?body=1" for 127.0.0.1 at 2012-07-19 17:44:33 -0300
Served asset /jquery.js - 304 Not Modified (0ms)


Started GET "/assets/jquery_ujs.js?body=1" for 127.0.0.1 at 2012-07-19 17:44:33 -0300
Served asset /jquery_ujs.js - 304 Not Modified (0ms)


Started GET "/" for 127.0.0.1 at 2012-07-19 17:44:38 -0300
Processing by HomeController#index as HTML
  [1m[35mUser Load (0.3ms)[0m  SELECT "users".* FROM "users" 
  Rendered home/index.html.erb within layouts/application (1.0ms)
  Rendered layouts/_navigation.html.erb (1.2ms)
  Rendered layouts/_messages.html.erb (0.1ms)
Completed 200 OK in 58ms (Views: 56.2ms | ActiveRecord: 0.3ms)


Started GET "/assets/jquery.js?body=1" for 127.0.0.1 at 2012-07-19 17:44:38 -0300
Served asset /jquery.js - 304 Not Modified (0ms)


Started GET "/assets/jquery_ujs.js?body=1" for 127.0.0.1 at 2012-07-19 17:44:38 -0300
Served asset /jquery_ujs.js - 304 Not Modified (0ms)
Connecting to database specified by database.yml


Started GET "/" for 127.0.0.1 at 2012-07-20 18:07:27 -0300
Processing by HomeController#index as HTML
  [1m[36mUser Load (15.0ms)[0m  [1mSELECT "users".* FROM "users" [0m
  Rendered home/index.html.erb within layouts/application (8.0ms)
  Rendered layouts/_navigation.html.erb (3.4ms)
  Rendered layouts/_messages.html.erb (0.8ms)
Completed 200 OK in 551ms (Views: 386.0ms | ActiveRecord: 26.1ms)


Started GET "/assets/home.css?body=1" for 127.0.0.1 at 2012-07-20 18:07:28 -0300
Served asset /home.css - 200 OK (4ms)


Started GET "/assets/application.css?body=1" for 127.0.0.1 at 2012-07-20 18:07:28 -0300
Served asset /application.css - 200 OK (10ms)


Started GET "/assets/users.css?body=1" for 127.0.0.1 at 2012-07-20 18:07:28 -0300
Served asset /users.css - 200 OK (1ms)


Started GET "/assets/users.js?body=1" for 127.0.0.1 at 2012-07-20 18:07:28 -0300
Served asset /users.js - 200 OK (1ms)


Started GET "/assets/home.js?body=1" for 127.0.0.1 at 2012-07-20 18:07:28 -0300
Served asset /home.js - 200 OK (1ms)


Started GET "/assets/jquery.js?body=1" for 127.0.0.1 at 2012-07-20 18:07:28 -0300
Served asset /jquery.js - 304 Not Modified (4ms)


Started GET "/assets/jquery_ujs.js?body=1" for 127.0.0.1 at 2012-07-20 18:07:28 -0300
Served asset /jquery_ujs.js - 304 Not Modified (2ms)


Started GET "/assets/application.js?body=1" for 127.0.0.1 at 2012-07-20 18:07:28 -0300
Served asset /application.js - 200 OK (7ms)
Connecting to database specified by database.yml


Started GET "/" for 127.0.0.1 at 2012-07-21 18:38:49 -0300
Processing by HomeController#index as HTML
  [1m[36mUser Load (12.3ms)[0m  [1mSELECT "users".* FROM "users" [0m
  Rendered home/index.html.erb within layouts/application (8.1ms)
  Rendered layouts/_navigation.html.erb (3.0ms)
  Rendered layouts/_messages.html.erb (0.6ms)
Completed 200 OK in 363ms (Views: 254.0ms | ActiveRecord: 16.0ms)


Started GET "/assets/application.css?body=1" for 127.0.0.1 at 2012-07-21 18:38:49 -0300
Served asset /application.css - 304 Not Modified (4ms)


Started GET "/assets/home.js?body=1" for 127.0.0.1 at 2012-07-21 18:38:49 -0300
Served asset /home.js - 304 Not Modified (4ms)


Started GET "/assets/home.css?body=1" for 127.0.0.1 at 2012-07-21 18:38:49 -0300
Served asset /home.css - 304 Not Modified (1ms)


Started GET "/assets/users.css?body=1" for 127.0.0.1 at 2012-07-21 18:38:49 -0300
Served asset /users.css - 304 Not Modified (1ms)


Started GET "/assets/jquery.js?body=1" for 127.0.0.1 at 2012-07-21 18:38:49 -0300
Served asset /jquery.js - 304 Not Modified (40ms)


Started GET "/assets/users.js?body=1" for 127.0.0.1 at 2012-07-21 18:38:49 -0300
Served asset /users.js - 304 Not Modified (1ms)


Started GET "/assets/jquery_ujs.js?body=1" for 127.0.0.1 at 2012-07-21 18:38:49 -0300
Served asset /jquery_ujs.js - 304 Not Modified (2ms)


Started GET "/assets/application.js?body=1" for 127.0.0.1 at 2012-07-21 18:38:49 -0300
Served asset /application.js - 304 Not Modified (7ms)
Connecting to database specified by database.yml


Started GET "/" for 127.0.0.1 at 2012-07-21 18:40:51 -0300
Processing by HomeController#index as HTML
  [1m[36mUser Load (0.2ms)[0m  [1mSELECT "users".* FROM "users" [0m
  Rendered home/index.html.erb within layouts/application (6.8ms)
  Rendered layouts/_navigation.html.erb (2.4ms)
  Rendered layouts/_messages.html.erb (0.6ms)
Completed 200 OK in 262ms (Views: 176.5ms | ActiveRecord: 3.1ms)


Started GET "/assets/application.css?body=1" for 127.0.0.1 at 2012-07-21 18:40:52 -0300
Served asset /application.css - 304 Not Modified (10ms)


Started GET "/assets/home.css?body=1" for 127.0.0.1 at 2012-07-21 18:40:52 -0300
Served asset /home.css - 304 Not Modified (2ms)


Started GET "/assets/users.css?body=1" for 127.0.0.1 at 2012-07-21 18:40:52 -0300
Served asset /users.css - 304 Not Modified (1ms)


Started GET "/assets/jquery.js?body=1" for 127.0.0.1 at 2012-07-21 18:40:52 -0300
Served asset /jquery.js - 304 Not Modified (5ms)


Started GET "/assets/jquery_ujs.js?body=1" for 127.0.0.1 at 2012-07-21 18:40:52 -0300
Served asset /jquery_ujs.js - 304 Not Modified (2ms)


Started GET "/assets/users.js?body=1" for 127.0.0.1 at 2012-07-21 18:40:52 -0300
Served asset /users.js - 304 Not Modified (1ms)


Started GET "/assets/application.js?body=1" for 127.0.0.1 at 2012-07-21 18:40:52 -0300
Served asset /application.js - 304 Not Modified (49ms)


Started GET "/assets/home.js?body=1" for 127.0.0.1 at 2012-07-21 18:40:52 -0300
Served asset /home.js - 304 Not Modified (2ms)
